<?xml version="1.0" encoding="UTF-8"?>
<!-- Generated by org.testng.reporters.JUnitXMLReporter -->
<testsuite ignored="0" hostname="DESKTOP-I3DGD38" failures="0" tests="3" name="Default test" time="14.212" errors="0" timestamp="2023-10-20T21:54:04 EAT">
  <testcase classname="com.test.PutPatchAndDelete_Demo" name="testDelete" time="11.76"/>
  <testcase classname="com.test.PutPatchAndDelete_Demo" name="testPatch" time="1.146"/>
  <testcase classname="com.test.PutPatchAndDelete_Demo" name="testPut" time="0.825"/>
</testsuite> <!-- Default test -->
